<?xml version="1.0" encoding="UTF-8"?>
<!-- Generated by org.testng.reporters.JUnitXMLReporter -->
<testsuite ignored="5" hostname="Neelam" failures="1" tests="2" name="Test(failed)" time="9.134" errors="0" timestamp="16 Jul 2023 00:47:53 GMT">
  <testcase classname="com.naveenautomationlabs.AFramework.tests.YourStoreTest" name="validateFailedTest" time="0.006">
    <skipped/>
  </testcase> <!-- validateFailedTest -->
  <testcase classname="com.naveenautomationlabs.AFramework.tests.YourStoreTest" name="validateFailedTest" time="0.001">
    <failure type="java.lang.AssertionError" message="expected [false] but found [true]">
      <![CDATA[java.lang.AssertionError: expected [false] but found [true]
at com.naveenautomationlabs.AFramework.tests.YourStoreTest.validateFailedTest(YourStoreTest.java:61)
... Removed 35 stack frames]]>
    </failure>
  </testcase> <!-- validateFailedTest -->
  <testcase classname="com.naveenautomationlabs.AFramework.tests.YourStoreTest" name="validateFooterDisplayImagesMoving" time="0.0">
    <ignored/>
  </testcase> <!-- validateFooterDisplayImagesMoving -->
  <testcase classname="com.naveenautomationlabs.AFramework.tests.YourStoreTest" name="validateClickingDisplayItemOnMainPageTakesToItemPage" time="0.0">
    <ignored/>
  </testcase> <!-- validateClickingDisplayItemOnMainPageTakesToItemPage -->
  <testcase classname="com.naveenautomationlabs.AFramework.tests.YourStoreTest" name="validateLoginUsingValidCredentials" time="0.0">
    <ignored/>
  </testcase> <!-- validateLoginUsingValidCredentials -->
  <testcase classname="com.naveenautomationlabs.AFramework.tests.YourStoreTest" name="validateDisplayImageIsMovingOnMainPage" time="0.0">
    <ignored/>
  </testcase> <!-- validateDisplayImageIsMovingOnMainPage -->
  <testcase classname="com.naveenautomationlabs.AFramework.tests.YourStoreTest" name="validateWishListIsUpdated" time="0.0">
    <ignored/>
  </testcase> <!-- validateWishListIsUpdated -->
</testsuite> <!-- Test(failed) -->
